<!DOCTYPE html>

<html>
  <head>
  <title>TestNG reports</title>

    <link type="text/css" href="testng-reports.css" rel="stylesheet" />  
    <script type="text/javascript" src="jquery-1.7.1.min.js"></script>
    <script type="text/javascript" src="testng-reports.js"></script>
    <script type="text/javascript" src="https://www.google.com/jsapi"></script>
    <script type='text/javascript'>
      google.load('visualization', '1', {packages:['table']});
      google.setOnLoadCallback(drawTable);
      var suiteTableInitFunctions = new Array();
      var suiteTableData = new Array();
    </script>
    <!--
      <script type="text/javascript" src="jquery-ui/js/jquery-ui-1.8.16.custom.min.js"></script>
     -->
  </head>

  <body>
    <div class="top-banner-root">
      <span class="top-banner-title-font">Test results</span>
      <br/>
      <span class="top-banner-font-1">1 suite, 5 failed tests</span>
    </div> <!-- top-banner-root -->
    <div class="navigator-root">
      <div class="navigator-suite-header">
        <span>All suites</span>
        <a href="#" class="collapse-all-link" title="Collapse/expand all the suites">
          <img class="collapse-all-icon" src="collapseall.gif">
          </img> <!-- collapse-all-icon -->
        </a> <!-- collapse-all-link -->
      </div> <!-- navigator-suite-header -->
      <div class="suite">
        <div class="rounded-window">
          <div class="suite-header light-rounded-window-top">
            <a href="#" class="navigator-link" panel-name="suite-com.mycompany_EBAYTest_jar_1.0-SNAPSHOT">
              <span class="suite-name border-failed">com.mycompany_EBAYTest_jar_1.0-SNAPSHOT</span>
            </a> <!-- navigator-link -->
          </div> <!-- suite-header light-rounded-window-top -->
          <div class="navigator-suite-content">
            <div class="suite-section-title">
              <span>Info</span>
            </div> <!-- suite-section-title -->
            <div class="suite-section-content">
              <ul>
                <li>
                  <a href="#" class="navigator-link " panel-name="test-xml-com.mycompany_EBAYTest_jar_1.0-SNAPSHOT">
                    <span>C:\Users\s_camargoua\Documents\NetBeansProjects\EBAYTest\src\test\java\ebay\com\EbayTestNGSuite.xml</span>
                  </a> <!-- navigator-link  -->
                </li>
                <li>
                  <a href="#" class="navigator-link " panel-name="testlist-com.mycompany_EBAYTest_jar_1.0-SNAPSHOT">
                    <span class="test-stats">1 test</span>
                  </a> <!-- navigator-link  -->
                </li>
                <li>
                  <a href="#" class="navigator-link " panel-name="group-com.mycompany_EBAYTest_jar_1.0-SNAPSHOT">
                    <span>0 groups</span>
                  </a> <!-- navigator-link  -->
                </li>
                <li>
                  <a href="#" class="navigator-link " panel-name="times-com.mycompany_EBAYTest_jar_1.0-SNAPSHOT">
                    <span>Times</span>
                  </a> <!-- navigator-link  -->
                </li>
                <li>
                  <a href="#" class="navigator-link " panel-name="reporter-com.mycompany_EBAYTest_jar_1.0-SNAPSHOT">
                    <span>Reporter output</span>
                  </a> <!-- navigator-link  -->
                </li>
                <li>
                  <a href="#" class="navigator-link " panel-name="ignored-methods-com.mycompany_EBAYTest_jar_1.0-SNAPSHOT">
                    <span>Ignored methods</span>
                  </a> <!-- navigator-link  -->
                </li>
                <li>
                  <a href="#" class="navigator-link " panel-name="chronological-com.mycompany_EBAYTest_jar_1.0-SNAPSHOT">
                    <span>Chronological view</span>
                  </a> <!-- navigator-link  -->
                </li>
              </ul>
            </div> <!-- suite-section-content -->
            <div class="result-section">
              <div class="suite-section-title">
                <span>Results</span>
              </div> <!-- suite-section-title -->
              <div class="suite-section-content">
                <ul>
                  <li>
                    <span class="method-stats">8 methods, 5 failed,   3 passed</span>
                  </li>
                  <li>
                    <span class="method-list-title failed">Failed methods</span>
                    <span class="show-or-hide-methods failed">
                      <a href="#" panel-name="suite-com.mycompany_EBAYTest_jar_1.0-SNAPSHOT" class="hide-methods failed suite-com.mycompany_EBAYTest_jar_1.0-SNAPSHOT"> (hide)</a> <!-- hide-methods failed suite-com.mycompany_EBAYTest_jar_1.0-SNAPSHOT -->
                      <a href="#" panel-name="suite-com.mycompany_EBAYTest_jar_1.0-SNAPSHOT" class="show-methods failed suite-com.mycompany_EBAYTest_jar_1.0-SNAPSHOT"> (show)</a> <!-- show-methods failed suite-com.mycompany_EBAYTest_jar_1.0-SNAPSHOT -->
                    </span>
                    <div class="method-list-content failed suite-com.mycompany_EBAYTest_jar_1.0-SNAPSHOT">
                      <span>
                        <img width="3%" src="failed.png"/>
                        <a href="#" class="method navigator-link" panel-name="suite-com.mycompany_EBAYTest_jar_1.0-SNAPSHOT" title="ebay.com.EbayTestNGTest" hash-for-method="tC004OrderAscendant">tC004OrderAscendant</a> <!-- method navigator-link -->
                      </span>
                      <br/>
                      <span>
                        <img width="3%" src="failed.png"/>
                        <a href="#" class="method navigator-link" panel-name="suite-com.mycompany_EBAYTest_jar_1.0-SNAPSHOT" title="ebay.com.EbayTestNGTest" hash-for-method="tC005AssertOrder">tC005AssertOrder</a> <!-- method navigator-link -->
                      </span>
                      <br/>
                      <span>
                        <img width="3%" src="failed.png"/>
                        <a href="#" class="method navigator-link" panel-name="suite-com.mycompany_EBAYTest_jar_1.0-SNAPSHOT" title="ebay.com.EbayTestNGTest" hash-for-method="tC006PrintProductsandprices">tC006PrintProductsandprices</a> <!-- method navigator-link -->
                      </span>
                      <br/>
                      <span>
                        <img width="3%" src="failed.png"/>
                        <a href="#" class="method navigator-link" panel-name="suite-com.mycompany_EBAYTest_jar_1.0-SNAPSHOT" title="ebay.com.EbayTestNGTest" hash-for-method="tC007PrintOrderProductsByNameAsc">tC007PrintOrderProductsByNameAsc</a> <!-- method navigator-link -->
                      </span>
                      <br/>
                      <span>
                        <img width="3%" src="failed.png"/>
                        <a href="#" class="method navigator-link" panel-name="suite-com.mycompany_EBAYTest_jar_1.0-SNAPSHOT" title="ebay.com.EbayTestNGTest" hash-for-method="tC008PrintOrderProductsByPriceDesc">tC008PrintOrderProductsByPriceDesc</a> <!-- method navigator-link -->
                      </span>
                      <br/>
                    </div> <!-- method-list-content failed suite-com.mycompany_EBAYTest_jar_1.0-SNAPSHOT -->
                  </li>
                  <li>
                    <span class="method-list-title passed">Passed methods</span>
                    <span class="show-or-hide-methods passed">
                      <a href="#" panel-name="suite-com.mycompany_EBAYTest_jar_1.0-SNAPSHOT" class="hide-methods passed suite-com.mycompany_EBAYTest_jar_1.0-SNAPSHOT"> (hide)</a> <!-- hide-methods passed suite-com.mycompany_EBAYTest_jar_1.0-SNAPSHOT -->
                      <a href="#" panel-name="suite-com.mycompany_EBAYTest_jar_1.0-SNAPSHOT" class="show-methods passed suite-com.mycompany_EBAYTest_jar_1.0-SNAPSHOT"> (show)</a> <!-- show-methods passed suite-com.mycompany_EBAYTest_jar_1.0-SNAPSHOT -->
                    </span>
                    <div class="method-list-content passed suite-com.mycompany_EBAYTest_jar_1.0-SNAPSHOT">
                      <span>
                        <img width="3%" src="passed.png"/>
                        <a href="#" class="method navigator-link" panel-name="suite-com.mycompany_EBAYTest_jar_1.0-SNAPSHOT" title="ebay.com.EbayTestNGTest" hash-for-method="tC001SearchSoes">tC001SearchSoes</a> <!-- method navigator-link -->
                      </span>
                      <br/>
                      <span>
                        <img width="3%" src="passed.png"/>
                        <a href="#" class="method navigator-link" panel-name="suite-com.mycompany_EBAYTest_jar_1.0-SNAPSHOT" title="ebay.com.EbayTestNGTest" hash-for-method="tC002SelectBrandPUMA">tC002SelectBrandPUMA</a> <!-- method navigator-link -->
                      </span>
                      <br/>
                      <span>
                        <img width="3%" src="passed.png"/>
                        <a href="#" class="method navigator-link" panel-name="suite-com.mycompany_EBAYTest_jar_1.0-SNAPSHOT" title="ebay.com.EbayTestNGTest" hash-for-method="tC003SelectSize10">tC003SelectSize10</a> <!-- method navigator-link -->
                      </span>
                      <br/>
                    </div> <!-- method-list-content passed suite-com.mycompany_EBAYTest_jar_1.0-SNAPSHOT -->
                  </li>
                </ul>
              </div> <!-- suite-section-content -->
            </div> <!-- result-section -->
          </div> <!-- navigator-suite-content -->
        </div> <!-- rounded-window -->
      </div> <!-- suite -->
    </div> <!-- navigator-root -->
    <div class="wrapper">
      <div class="main-panel-root">
        <div panel-name="suite-com.mycompany_EBAYTest_jar_1.0-SNAPSHOT" class="panel com.mycompany_EBAYTest_jar_1.0-SNAPSHOT">
          <div class="suite-com.mycompany_EBAYTest_jar_1.0-SNAPSHOT-class-failed">
            <div class="main-panel-header rounded-window-top">
              <img src="failed.png"/>
              <span class="class-name">ebay.com.EbayTestNGTest</span>
            </div> <!-- main-panel-header rounded-window-top -->
            <div class="main-panel-content rounded-window-bottom">
              <div class="method">
                <div class="method-content">
                  <a name="tC004OrderAscendant">
                  </a> <!-- tC004OrderAscendant -->
                  <span class="method-name">tC004OrderAscendant</span>
                  <div class="stack-trace">org.openqa.selenium.ElementNotInteractableException: element not interactable
  (Session info: chrome=79.0.3945.130)
Build info: version: &apos;3.141.59&apos;, revision: &apos;e82be7d358&apos;, time: &apos;2018-11-14T08:17:03&apos;
System info: host: &apos;HBOGS_CAMARGOUA&apos;, ip: &apos;192.168.0.21&apos;, os.name: &apos;Windows 10&apos;, os.arch: &apos;amd64&apos;, os.version: &apos;10.0&apos;, java.version: &apos;1.8.0_211&apos;
Driver info: org.openqa.selenium.chrome.ChromeDriver
Capabilities {acceptInsecureCerts: false, browserName: chrome, browserVersion: 79.0.3945.130, chrome: {chromedriverVersion: 79.0.3945.16 (93fcc21110c10..., userDataDir: C:\WINDOWS\TEMP\scoped_dir1...}, goog:chromeOptions: {debuggerAddress: localhost:12891}, javascriptEnabled: true, networkConnectionEnabled: false, pageLoadStrategy: normal, platform: WINDOWS, platformName: WINDOWS, proxy: Proxy(), setWindowRect: true, strictFileInteractability: false, timeouts: {implicit: 0, pageLoad: 300000, script: 30000}, unhandledPromptBehavior: dismiss and notify}
Session ID: c891f39c89f3ac6f407ca1ca90375e32
	at org.openqa.selenium.remote.http.W3CHttpResponseCodec.createException(W3CHttpResponseCodec.java:187)
	at org.openqa.selenium.remote.http.W3CHttpResponseCodec.decode(W3CHttpResponseCodec.java:122)
	at org.openqa.selenium.remote.http.W3CHttpResponseCodec.decode(W3CHttpResponseCodec.java:49)
	at org.openqa.selenium.remote.HttpCommandExecutor.execute(HttpCommandExecutor.java:158)
	at org.openqa.selenium.remote.service.DriverCommandExecutor.execute(DriverCommandExecutor.java:83)
	at org.openqa.selenium.remote.RemoteWebDriver.execute(RemoteWebDriver.java:552)
	at org.openqa.selenium.remote.RemoteWebElement.execute(RemoteWebElement.java:285)
	at org.openqa.selenium.remote.RemoteWebElement.click(RemoteWebElement.java:84)
	at ebay.com.EbayTestNGTest.tC004OrderAscendant(EbayTestNGTest.java:129)
... Removed 32 stack frames
</div> <!-- stack-trace -->
                </div> <!-- method-content -->
              </div> <!-- method -->
              <div class="method">
                <div class="method-content">
                  <a name="tC005AssertOrder">
                  </a> <!-- tC005AssertOrder -->
                  <span class="method-name">tC005AssertOrder</span>
                  <div class="stack-trace">org.openqa.selenium.ElementNotInteractableException: element not interactable
  (Session info: chrome=79.0.3945.130)
Build info: version: &apos;3.141.59&apos;, revision: &apos;e82be7d358&apos;, time: &apos;2018-11-14T08:17:03&apos;
System info: host: &apos;HBOGS_CAMARGOUA&apos;, ip: &apos;192.168.0.21&apos;, os.name: &apos;Windows 10&apos;, os.arch: &apos;amd64&apos;, os.version: &apos;10.0&apos;, java.version: &apos;1.8.0_211&apos;
Driver info: org.openqa.selenium.chrome.ChromeDriver
Capabilities {acceptInsecureCerts: false, browserName: chrome, browserVersion: 79.0.3945.130, chrome: {chromedriverVersion: 79.0.3945.16 (93fcc21110c10..., userDataDir: C:\WINDOWS\TEMP\scoped_dir1...}, goog:chromeOptions: {debuggerAddress: localhost:12891}, javascriptEnabled: true, networkConnectionEnabled: false, pageLoadStrategy: normal, platform: WINDOWS, platformName: WINDOWS, proxy: Proxy(), setWindowRect: true, strictFileInteractability: false, timeouts: {implicit: 0, pageLoad: 300000, script: 30000}, unhandledPromptBehavior: dismiss and notify}
Session ID: c891f39c89f3ac6f407ca1ca90375e32
	at org.openqa.selenium.remote.http.W3CHttpResponseCodec.createException(W3CHttpResponseCodec.java:187)
	at org.openqa.selenium.remote.http.W3CHttpResponseCodec.decode(W3CHttpResponseCodec.java:122)
	at org.openqa.selenium.remote.http.W3CHttpResponseCodec.decode(W3CHttpResponseCodec.java:49)
	at org.openqa.selenium.remote.HttpCommandExecutor.execute(HttpCommandExecutor.java:158)
	at org.openqa.selenium.remote.service.DriverCommandExecutor.execute(DriverCommandExecutor.java:83)
	at org.openqa.selenium.remote.RemoteWebDriver.execute(RemoteWebDriver.java:552)
	at org.openqa.selenium.remote.RemoteWebElement.execute(RemoteWebElement.java:285)
	at org.openqa.selenium.remote.RemoteWebElement.click(RemoteWebElement.java:84)
	at ebay.com.EbayTestNGTest.tC004OrderAscendant(EbayTestNGTest.java:129)
	at ebay.com.EbayTestNGTest.tC005AssertOrder(EbayTestNGTest.java:140)
... Removed 32 stack frames
</div> <!-- stack-trace -->
                </div> <!-- method-content -->
              </div> <!-- method -->
              <div class="method">
                <div class="method-content">
                  <a name="tC006PrintProductsandprices">
                  </a> <!-- tC006PrintProductsandprices -->
                  <span class="method-name">tC006PrintProductsandprices</span>
                  <div class="stack-trace">org.openqa.selenium.ElementNotInteractableException: element not interactable
  (Session info: chrome=79.0.3945.130)
Build info: version: &apos;3.141.59&apos;, revision: &apos;e82be7d358&apos;, time: &apos;2018-11-14T08:17:03&apos;
System info: host: &apos;HBOGS_CAMARGOUA&apos;, ip: &apos;192.168.0.21&apos;, os.name: &apos;Windows 10&apos;, os.arch: &apos;amd64&apos;, os.version: &apos;10.0&apos;, java.version: &apos;1.8.0_211&apos;
Driver info: org.openqa.selenium.chrome.ChromeDriver
Capabilities {acceptInsecureCerts: false, browserName: chrome, browserVersion: 79.0.3945.130, chrome: {chromedriverVersion: 79.0.3945.16 (93fcc21110c10..., userDataDir: C:\WINDOWS\TEMP\scoped_dir1...}, goog:chromeOptions: {debuggerAddress: localhost:12891}, javascriptEnabled: true, networkConnectionEnabled: false, pageLoadStrategy: normal, platform: WINDOWS, platformName: WINDOWS, proxy: Proxy(), setWindowRect: true, strictFileInteractability: false, timeouts: {implicit: 0, pageLoad: 300000, script: 30000}, unhandledPromptBehavior: dismiss and notify}
Session ID: c891f39c89f3ac6f407ca1ca90375e32
	at org.openqa.selenium.remote.http.W3CHttpResponseCodec.createException(W3CHttpResponseCodec.java:187)
	at org.openqa.selenium.remote.http.W3CHttpResponseCodec.decode(W3CHttpResponseCodec.java:122)
	at org.openqa.selenium.remote.http.W3CHttpResponseCodec.decode(W3CHttpResponseCodec.java:49)
	at org.openqa.selenium.remote.HttpCommandExecutor.execute(HttpCommandExecutor.java:158)
	at org.openqa.selenium.remote.service.DriverCommandExecutor.execute(DriverCommandExecutor.java:83)
	at org.openqa.selenium.remote.RemoteWebDriver.execute(RemoteWebDriver.java:552)
	at org.openqa.selenium.remote.RemoteWebElement.execute(RemoteWebElement.java:285)
	at org.openqa.selenium.remote.RemoteWebElement.click(RemoteWebElement.java:84)
	at ebay.com.EbayTestNGTest.tC004OrderAscendant(EbayTestNGTest.java:129)
	at ebay.com.EbayTestNGTest.tC006PrintProductsandprices(EbayTestNGTest.java:178)
... Removed 32 stack frames
</div> <!-- stack-trace -->
                </div> <!-- method-content -->
              </div> <!-- method -->
              <div class="method">
                <div class="method-content">
                  <a name="tC007PrintOrderProductsByNameAsc">
                  </a> <!-- tC007PrintOrderProductsByNameAsc -->
                  <span class="method-name">tC007PrintOrderProductsByNameAsc</span>
                  <div class="stack-trace">org.openqa.selenium.ElementNotInteractableException: element not interactable
  (Session info: chrome=79.0.3945.130)
Build info: version: &apos;3.141.59&apos;, revision: &apos;e82be7d358&apos;, time: &apos;2018-11-14T08:17:03&apos;
System info: host: &apos;HBOGS_CAMARGOUA&apos;, ip: &apos;192.168.0.21&apos;, os.name: &apos;Windows 10&apos;, os.arch: &apos;amd64&apos;, os.version: &apos;10.0&apos;, java.version: &apos;1.8.0_211&apos;
Driver info: org.openqa.selenium.chrome.ChromeDriver
Capabilities {acceptInsecureCerts: false, browserName: chrome, browserVersion: 79.0.3945.130, chrome: {chromedriverVersion: 79.0.3945.16 (93fcc21110c10..., userDataDir: C:\WINDOWS\TEMP\scoped_dir1...}, goog:chromeOptions: {debuggerAddress: localhost:12891}, javascriptEnabled: true, networkConnectionEnabled: false, pageLoadStrategy: normal, platform: WINDOWS, platformName: WINDOWS, proxy: Proxy(), setWindowRect: true, strictFileInteractability: false, timeouts: {implicit: 0, pageLoad: 300000, script: 30000}, unhandledPromptBehavior: dismiss and notify}
Session ID: c891f39c89f3ac6f407ca1ca90375e32
	at org.openqa.selenium.remote.http.W3CHttpResponseCodec.createException(W3CHttpResponseCodec.java:187)
	at org.openqa.selenium.remote.http.W3CHttpResponseCodec.decode(W3CHttpResponseCodec.java:122)
	at org.openqa.selenium.remote.http.W3CHttpResponseCodec.decode(W3CHttpResponseCodec.java:49)
	at org.openqa.selenium.remote.HttpCommandExecutor.execute(HttpCommandExecutor.java:158)
	at org.openqa.selenium.remote.service.DriverCommandExecutor.execute(DriverCommandExecutor.java:83)
	at org.openqa.selenium.remote.RemoteWebDriver.execute(RemoteWebDriver.java:552)
	at org.openqa.selenium.remote.RemoteWebElement.execute(RemoteWebElement.java:285)
	at org.openqa.selenium.remote.RemoteWebElement.click(RemoteWebElement.java:84)
	at ebay.com.EbayTestNGTest.tC004OrderAscendant(EbayTestNGTest.java:129)
	at ebay.com.EbayTestNGTest.tC007PrintOrderProductsByNameAsc(EbayTestNGTest.java:192)
... Removed 32 stack frames
</div> <!-- stack-trace -->
                </div> <!-- method-content -->
              </div> <!-- method -->
              <div class="method">
                <div class="method-content">
                  <a name="tC008PrintOrderProductsByPriceDesc">
                  </a> <!-- tC008PrintOrderProductsByPriceDesc -->
                  <span class="method-name">tC008PrintOrderProductsByPriceDesc</span>
                  <div class="stack-trace">org.openqa.selenium.ElementNotInteractableException: element not interactable
  (Session info: chrome=79.0.3945.130)
Build info: version: &apos;3.141.59&apos;, revision: &apos;e82be7d358&apos;, time: &apos;2018-11-14T08:17:03&apos;
System info: host: &apos;HBOGS_CAMARGOUA&apos;, ip: &apos;192.168.0.21&apos;, os.name: &apos;Windows 10&apos;, os.arch: &apos;amd64&apos;, os.version: &apos;10.0&apos;, java.version: &apos;1.8.0_211&apos;
Driver info: org.openqa.selenium.chrome.ChromeDriver
Capabilities {acceptInsecureCerts: false, browserName: chrome, browserVersion: 79.0.3945.130, chrome: {chromedriverVersion: 79.0.3945.16 (93fcc21110c10..., userDataDir: C:\WINDOWS\TEMP\scoped_dir1...}, goog:chromeOptions: {debuggerAddress: localhost:12891}, javascriptEnabled: true, networkConnectionEnabled: false, pageLoadStrategy: normal, platform: WINDOWS, platformName: WINDOWS, proxy: Proxy(), setWindowRect: true, strictFileInteractability: false, timeouts: {implicit: 0, pageLoad: 300000, script: 30000}, unhandledPromptBehavior: dismiss and notify}
Session ID: c891f39c89f3ac6f407ca1ca90375e32
	at org.openqa.selenium.remote.http.W3CHttpResponseCodec.createException(W3CHttpResponseCodec.java:187)
	at org.openqa.selenium.remote.http.W3CHttpResponseCodec.decode(W3CHttpResponseCodec.java:122)
	at org.openqa.selenium.remote.http.W3CHttpResponseCodec.decode(W3CHttpResponseCodec.java:49)
	at org.openqa.selenium.remote.HttpCommandExecutor.execute(HttpCommandExecutor.java:158)
	at org.openqa.selenium.remote.service.DriverCommandExecutor.execute(DriverCommandExecutor.java:83)
	at org.openqa.selenium.remote.RemoteWebDriver.execute(RemoteWebDriver.java:552)
	at org.openqa.selenium.remote.RemoteWebElement.execute(RemoteWebElement.java:285)
	at org.openqa.selenium.remote.RemoteWebElement.click(RemoteWebElement.java:84)
	at ebay.com.EbayTestNGTest.tC004OrderAscendant(EbayTestNGTest.java:129)
	at ebay.com.EbayTestNGTest.tC008PrintOrderProductsByPriceDesc(EbayTestNGTest.java:232)
... Removed 32 stack frames
</div> <!-- stack-trace -->
                </div> <!-- method-content -->
              </div> <!-- method -->
            </div> <!-- main-panel-content rounded-window-bottom -->
          </div> <!-- suite-com.mycompany_EBAYTest_jar_1.0-SNAPSHOT-class-failed -->
          <div class="suite-com.mycompany_EBAYTest_jar_1.0-SNAPSHOT-class-passed">
            <div class="main-panel-header rounded-window-top">
              <img src="passed.png"/>
              <span class="class-name">ebay.com.EbayTestNGTest</span>
            </div> <!-- main-panel-header rounded-window-top -->
            <div class="main-panel-content rounded-window-bottom">
              <div class="method">
                <div class="method-content">
                  <a name="tC001SearchSoes">
                  </a> <!-- tC001SearchSoes -->
                  <span class="method-name">tC001SearchSoes</span>
                </div> <!-- method-content -->
              </div> <!-- method -->
              <div class="method">
                <div class="method-content">
                  <a name="tC002SelectBrandPUMA">
                  </a> <!-- tC002SelectBrandPUMA -->
                  <span class="method-name">tC002SelectBrandPUMA</span>
                </div> <!-- method-content -->
              </div> <!-- method -->
              <div class="method">
                <div class="method-content">
                  <a name="tC003SelectSize10">
                  </a> <!-- tC003SelectSize10 -->
                  <span class="method-name">tC003SelectSize10</span>
                </div> <!-- method-content -->
              </div> <!-- method -->
            </div> <!-- main-panel-content rounded-window-bottom -->
          </div> <!-- suite-com.mycompany_EBAYTest_jar_1.0-SNAPSHOT-class-passed -->
        </div> <!-- panel com.mycompany_EBAYTest_jar_1.0-SNAPSHOT -->
        <div panel-name="test-xml-com.mycompany_EBAYTest_jar_1.0-SNAPSHOT" class="panel">
          <div class="main-panel-header rounded-window-top">
            <span class="header-content">C:\Users\s_camargoua\Documents\NetBeansProjects\EBAYTest\src\test\java\ebay\com\EbayTestNGSuite.xml</span>
          </div> <!-- main-panel-header rounded-window-top -->
          <div class="main-panel-content rounded-window-bottom">
            <pre>
&lt;?xml version=&quot;1.0&quot; encoding=&quot;UTF-8&quot;?&gt;
&lt;!DOCTYPE suite SYSTEM &quot;http://testng.org/testng-1.0.dtd&quot;&gt;
&lt;suite verbose=&quot;0&quot; name=&quot;com.mycompany_EBAYTest_jar_1.0-SNAPSHOT&quot;&gt;
  &lt;test name=&quot;ebay.com suite&quot;&gt;
    &lt;packages&gt;
      &lt;package name=&quot;ebay.com&quot;/&gt;
    &lt;/packages&gt;
    &lt;classes&gt;
      &lt;class name=&quot;ebay.com.EbayTestNGTest&quot;/&gt;
    &lt;/classes&gt;
  &lt;/test&gt; &lt;!-- ebay.com suite --&gt;
&lt;/suite&gt; &lt;!-- com.mycompany_EBAYTest_jar_1.0-SNAPSHOT --&gt;
            </pre>
          </div> <!-- main-panel-content rounded-window-bottom -->
        </div> <!-- panel -->
        <div panel-name="testlist-com.mycompany_EBAYTest_jar_1.0-SNAPSHOT" class="panel">
          <div class="main-panel-header rounded-window-top">
            <span class="header-content">Tests for com.mycompany_EBAYTest_jar_1.0-SNAPSHOT</span>
          </div> <!-- main-panel-header rounded-window-top -->
          <div class="main-panel-content rounded-window-bottom">
            <ul>
              <li>
                <span class="test-name">ebay.com suite (1 class)</span>
              </li>
            </ul>
          </div> <!-- main-panel-content rounded-window-bottom -->
        </div> <!-- panel -->
        <div panel-name="group-com.mycompany_EBAYTest_jar_1.0-SNAPSHOT" class="panel">
          <div class="main-panel-header rounded-window-top">
            <span class="header-content">Groups for com.mycompany_EBAYTest_jar_1.0-SNAPSHOT</span>
          </div> <!-- main-panel-header rounded-window-top -->
          <div class="main-panel-content rounded-window-bottom">
          </div> <!-- main-panel-content rounded-window-bottom -->
        </div> <!-- panel -->
        <div panel-name="times-com.mycompany_EBAYTest_jar_1.0-SNAPSHOT" class="panel">
          <div class="main-panel-header rounded-window-top">
            <span class="header-content">Times for com.mycompany_EBAYTest_jar_1.0-SNAPSHOT</span>
          </div> <!-- main-panel-header rounded-window-top -->
          <div class="main-panel-content rounded-window-bottom">
            <div class="times-div">
              <script type="text/javascript">
suiteTableInitFunctions.push('tableData_com.mycompany_EBAYTest_jar_1.0-SNAPSHOT');
function tableData_com.mycompany_EBAYTest_jar_1.0-SNAPSHOT() {
var data = new google.visualization.DataTable();
data.addColumn('number', 'Number');
data.addColumn('string', 'Method');
data.addColumn('string', 'Class');
data.addColumn('number', 'Time (ms)');
data.addRows(8);
data.setCell(0, 0, 0)
data.setCell(0, 1, 'tC008PrintOrderProductsByPriceDesc')
data.setCell(0, 2, 'ebay.com.EbayTestNGTest')
data.setCell(0, 3, 80415);
data.setCell(1, 0, 1)
data.setCell(1, 1, 'tC006PrintProductsandprices')
data.setCell(1, 2, 'ebay.com.EbayTestNGTest')
data.setCell(1, 3, 79727);
data.setCell(2, 0, 2)
data.setCell(2, 1, 'tC004OrderAscendant')
data.setCell(2, 2, 'ebay.com.EbayTestNGTest')
data.setCell(2, 3, 79635);
data.setCell(3, 0, 3)
data.setCell(3, 1, 'tC007PrintOrderProductsByNameAsc')
data.setCell(3, 2, 'ebay.com.EbayTestNGTest')
data.setCell(3, 3, 79628);
data.setCell(4, 0, 4)
data.setCell(4, 1, 'tC005AssertOrder')
data.setCell(4, 2, 'ebay.com.EbayTestNGTest')
data.setCell(4, 3, 79114);
data.setCell(5, 0, 5)
data.setCell(5, 1, 'tC003SelectSize10')
data.setCell(5, 2, 'ebay.com.EbayTestNGTest')
data.setCell(5, 3, 38707);
data.setCell(6, 0, 6)
data.setCell(6, 1, 'tC002SelectBrandPUMA')
data.setCell(6, 2, 'ebay.com.EbayTestNGTest')
data.setCell(6, 3, 23240);
data.setCell(7, 0, 7)
data.setCell(7, 1, 'tC001SearchSoes')
data.setCell(7, 2, 'ebay.com.EbayTestNGTest')
data.setCell(7, 3, 11157);
window.suiteTableData['com.mycompany_EBAYTest_jar_1.0-SNAPSHOT']= { tableData: data, tableDiv: 'times-div-com.mycompany_EBAYTest_jar_1.0-SNAPSHOT'}
return data;
}
              </script>
              <span class="suite-total-time">Total running time: 7 minutes</span>
              <div id="times-div-com.mycompany_EBAYTest_jar_1.0-SNAPSHOT">
              </div> <!-- times-div-com.mycompany_EBAYTest_jar_1.0-SNAPSHOT -->
            </div> <!-- times-div -->
          </div> <!-- main-panel-content rounded-window-bottom -->
        </div> <!-- panel -->
        <div panel-name="reporter-com.mycompany_EBAYTest_jar_1.0-SNAPSHOT" class="panel">
          <div class="main-panel-header rounded-window-top">
            <span class="header-content">Reporter output for com.mycompany_EBAYTest_jar_1.0-SNAPSHOT</span>
          </div> <!-- main-panel-header rounded-window-top -->
          <div class="main-panel-content rounded-window-bottom">
          </div> <!-- main-panel-content rounded-window-bottom -->
        </div> <!-- panel -->
        <div panel-name="ignored-methods-com.mycompany_EBAYTest_jar_1.0-SNAPSHOT" class="panel">
          <div class="main-panel-header rounded-window-top">
            <span class="header-content">0 ignored methods</span>
          </div> <!-- main-panel-header rounded-window-top -->
          <div class="main-panel-content rounded-window-bottom">
          </div> <!-- main-panel-content rounded-window-bottom -->
        </div> <!-- panel -->
        <div panel-name="chronological-com.mycompany_EBAYTest_jar_1.0-SNAPSHOT" class="panel">
          <div class="main-panel-header rounded-window-top">
            <span class="header-content">Methods in chronological order</span>
          </div> <!-- main-panel-header rounded-window-top -->
          <div class="main-panel-content rounded-window-bottom">
            <div class="chronological-class">
              <div class="chronological-class-name">ebay.com.EbayTestNGTest</div> <!-- chronological-class-name -->
              <div class="configuration-test before">
                <span class="method-name">beforeTest</span>
                <span class="method-start">0 ms</span>
              </div> <!-- configuration-test before -->
              <div class="test-method">
                <span class="method-name">tC001SearchSoes</span>
                <span class="method-start">6535 ms</span>
              </div> <!-- test-method -->
              <div class="test-method">
                <span class="method-name">tC002SelectBrandPUMA</span>
                <span class="method-start">17693 ms</span>
              </div> <!-- test-method -->
              <div class="test-method">
                <span class="method-name">tC003SelectSize10</span>
                <span class="method-start">40933 ms</span>
              </div> <!-- test-method -->
              <div class="test-method">
                <img src="failed.png">
                </img>
                <span class="method-name">tC004OrderAscendant</span>
                <span class="method-start">79640 ms</span>
              </div> <!-- test-method -->
              <div class="test-method">
                <img src="failed.png">
                </img>
                <span class="method-name">tC005AssertOrder</span>
                <span class="method-start">159284 ms</span>
              </div> <!-- test-method -->
              <div class="test-method">
                <img src="failed.png">
                </img>
                <span class="method-name">tC006PrintProductsandprices</span>
                <span class="method-start">238399 ms</span>
              </div> <!-- test-method -->
              <div class="test-method">
                <img src="failed.png">
                </img>
                <span class="method-name">tC007PrintOrderProductsByNameAsc</span>
                <span class="method-start">318127 ms</span>
              </div> <!-- test-method -->
              <div class="test-method">
                <img src="failed.png">
                </img>
                <span class="method-name">tC008PrintOrderProductsByPriceDesc</span>
                <span class="method-start">397756 ms</span>
              </div> <!-- test-method -->
              <div class="configuration-test after">
                <span class="method-name">afterTest</span>
                <span class="method-start">478175 ms</span>
              </div> <!-- configuration-test after -->
          </div> <!-- main-panel-content rounded-window-bottom -->
        </div> <!-- panel -->
      </div> <!-- main-panel-root -->
    </div> <!-- wrapper -->
  </body>
</html>
